0 info it worked if it ends with ok
1 verbose cli [ '/usr/bin/node', '/usr/bin/npm', 'start' ]
2 info using npm@5.6.0
3 info using node@v8.11.3
4 verbose run-script [ 'prestart', 'start', 'poststart' ]
5 info lifecycle LEAN@1.0.0~prestart: LEAN@1.0.0
6 info lifecycle LEAN@1.0.0~start: LEAN@1.0.0
7 verbose lifecycle LEAN@1.0.0~start: unsafe-perm in lifecycle true
8 verbose lifecycle LEAN@1.0.0~start: PATH: /usr/lib/node_modules/npm/node_modules/npm-lifecycle/node-gyp-bin:/home/dev/api/node_modules/.bin:/home/dev/bin:/home/dev/.local/bin:/usr/local/sbin:/usr/local/bin:/usr/sbin:/usr/bin:/sbin:/bin:/usr/games:/usr/local/games:/snap/bin
9 verbose lifecycle LEAN@1.0.0~start: CWD: /home/dev/api
10 silly lifecycle LEAN@1.0.0~start: Args: [ '-c', 'node --harmony ./server.js' ]
11 silly lifecycle LEAN@1.0.0~start: Returned: code: 1  signal: null
12 info lifecycle LEAN@1.0.0~start: Failed to exec start script
13 verbose stack Error: LEAN@1.0.0 start: `node --harmony ./server.js`
13 verbose stack Exit status 1
13 verbose stack     at EventEmitter.<anonymous> (/usr/lib/node_modules/npm/node_modules/npm-lifecycle/index.js:285:16)
13 verbose stack     at emitTwo (events.js:126:13)
13 verbose stack     at EventEmitter.emit (events.js:214:7)
13 verbose stack     at ChildProcess.<anonymous> (/usr/lib/node_modules/npm/node_modules/npm-lifecycle/lib/spawn.js:55:14)
13 verbose stack     at emitTwo (events.js:126:13)
13 verbose stack     at ChildProcess.emit (events.js:214:7)
13 verbose stack     at maybeClose (internal/child_process.js:925:16)
13 verbose stack     at Process.ChildProcess._handle.onexit (internal/child_process.js:209:5)
14 verbose pkgid LEAN@1.0.0
15 verbose cwd /home/dev/api
16 verbose Linux 4.4.0-131-generic
17 verbose argv "/usr/bin/node" "/usr/bin/npm" "start"
18 verbose node v8.11.3
19 verbose npm  v5.6.0
20 error code ELIFECYCLE
21 error errno 1
22 error LEAN@1.0.0 start: `node --harmony ./server.js`
22 error Exit status 1
23 error Failed at the LEAN@1.0.0 start script.
23 error This is probably not a problem with npm. There is likely additional logging output above.
24 verbose exit [ 1, true ]
